<?xml version="1.0" encoding="UTF-8"?>
<!-- Generated by org.testng.reporters.JUnitReportReporter -->
<testsuite skipped="0" hostname="HPaf008ax" name="com.guru99.testCases.tc_01_LoginTest" tests="4" failures="0" timestamp="2020-10-20T13:58:48 IST" time="24.195" errors="0">
  <testcase name="invalidLoginTest" time="4.073" classname="com.guru99.testCases.tc_01_LoginTest"/>
  <system-out/>
  <testcase name="invalidLoginTest" time="5.854" classname="com.guru99.testCases.tc_01_LoginTest"/>
  <system-out/>
  <testcase name="invalidLoginTest" time="6.657" classname="com.guru99.testCases.tc_01_LoginTest"/>
  <system-out/>
  <testcase name="validLoginTest" time="7.611" classname="com.guru99.testCases.tc_01_LoginTest"/>
  <system-out/>
</testsuite> <!-- com.guru99.testCases.tc_01_LoginTest -->
