<?xml version="1.0" encoding="UTF-8"?>
<!-- Generated by org.testng.reporters.JUnitReportReporter -->
<testsuite skipped="0" hostname="HPaf008ax" name="com.guru99.testCases.tc_01_LoginTest" tests="4" failures="0" timestamp="2020-10-22T15:02:55 IST" time="25.807" errors="0">
  <testcase name="invalidLoginTest" time="4.557" classname="com.guru99.testCases.tc_01_LoginTest"/>
  <system-out/>
  <testcase name="invalidLoginTest" time="3.694" classname="com.guru99.testCases.tc_01_LoginTest"/>
  <system-out/>
  <testcase name="invalidLoginTest" time="14.009" classname="com.guru99.testCases.tc_01_LoginTest"/>
  <system-out/>
  <testcase name="validLoginTest" time="3.547" classname="com.guru99.testCases.tc_01_LoginTest"/>
  <system-out/>
</testsuite> <!-- com.guru99.testCases.tc_01_LoginTest -->
