<?xml version="1.0" encoding="UTF-8"?>
<!-- Generated by org.testng.reporters.JUnitReportReporter -->
<testsuite skipped="0" hostname="HPaf008ax" name="com.guru99.testCases.tc_01_LoginTest" tests="4" failures="0" timestamp="2020-10-22T15:06:52 IST" time="20.184" errors="0">
  <testcase name="validLoginTest" time="2.798" classname="com.guru99.testCases.tc_01_LoginTest"/>
  <system-out/>
  <testcase name="invalidLoginTest" time="4.159" classname="com.guru99.testCases.tc_01_LoginTest"/>
  <system-out/>
  <testcase name="invalidLoginTest" time="4.509" classname="com.guru99.testCases.tc_01_LoginTest"/>
  <system-out/>
  <testcase name="invalidLoginTest" time="8.718" classname="com.guru99.testCases.tc_01_LoginTest"/>
  <system-out/>
</testsuite> <!-- com.guru99.testCases.tc_01_LoginTest -->
