<?xml version="1.0" encoding="UTF-8"?>
<!-- Generated by org.testng.reporters.JUnitReportReporter -->
<testsuite skipped="0" hostname="HPaf008ax" name="com.guru99.testCases.tc_01_LoginTest" tests="4" failures="0" timestamp="2020-10-20T19:05:37 IST" time="20.276" errors="0">
  <testcase name="invalidLoginTest" time="1.492" classname="com.guru99.testCases.tc_01_LoginTest"/>
  <system-out/>
  <testcase name="invalidLoginTest" time="5.710" classname="com.guru99.testCases.tc_01_LoginTest"/>
  <system-out/>
  <testcase name="invalidLoginTest" time="4.786" classname="com.guru99.testCases.tc_01_LoginTest"/>
  <system-out/>
  <testcase name="validLoginTest" time="8.288" classname="com.guru99.testCases.tc_01_LoginTest"/>
  <system-out/>
</testsuite> <!-- com.guru99.testCases.tc_01_LoginTest -->
