<?xml version="1.0" encoding="UTF-8"?>
<!-- Generated by org.testng.reporters.JUnitReportReporter -->
<testsuite skipped="0" hostname="HPaf008ax" name="com.guru99.testCases.tc_01_LoginTest" tests="4" failures="0" timestamp="2020-10-22T13:31:35 IST" time="21.697" errors="0">
  <testcase name="invalidLoginTest" time="3.452" classname="com.guru99.testCases.tc_01_LoginTest"/>
  <system-out/>
  <testcase name="validLoginTest" time="8.033" classname="com.guru99.testCases.tc_01_LoginTest"/>
  <system-out/>
  <testcase name="invalidLoginTest" time="1.530" classname="com.guru99.testCases.tc_01_LoginTest"/>
  <system-out/>
  <testcase name="invalidLoginTest" time="8.682" classname="com.guru99.testCases.tc_01_LoginTest"/>
  <system-out/>
</testsuite> <!-- com.guru99.testCases.tc_01_LoginTest -->
